Determining if the pthread_create exist failed with the following output:
Change Dir: /home/jeremie/Documents/IMAC2/Projet3D/build/third-party/assimp/test/gtest/src/gtest-build/CMakeFiles/CMakeTmp

Run Build Command:/usr/bin/make "cmTryCompileExec3578478250/fast"
make[3]: entrant dans le répertoire « /home/jeremie/Documents/IMAC2/Projet3D/build/third-party/assimp/test/gtest/src/gtest-build/CMakeFiles/CMakeTmp »
/usr/bin/make -f CMakeFiles/cmTryCompileExec3578478250.dir/build.make CMakeFiles/cmTryCompileExec3578478250.dir/build
make[4]: entrant dans le répertoire « /home/jeremie/Documents/IMAC2/Projet3D/build/third-party/assimp/test/gtest/src/gtest-build/CMakeFiles/CMakeTmp »
/usr/bin/cmake -E cmake_progress_report /home/jeremie/Documents/IMAC2/Projet3D/build/third-party/assimp/test/gtest/src/gtest-build/CMakeFiles/CMakeTmp/CMakeFiles 1
Building C object CMakeFiles/cmTryCompileExec3578478250.dir/CheckSymbolExists.c.o
/usr/bin/cc    -o CMakeFiles/cmTryCompileExec3578478250.dir/CheckSymbolExists.c.o   -c /home/jeremie/Documents/IMAC2/Projet3D/build/third-party/assimp/test/gtest/src/gtest-build/CMakeFiles/CMakeTmp/CheckSymbolExists.c
Linking C executable cmTryCompileExec3578478250
/usr/bin/cmake -E cmake_link_script CMakeFiles/cmTryCompileExec3578478250.dir/link.txt --verbose=1
/usr/bin/cc       CMakeFiles/cmTryCompileExec3578478250.dir/CheckSymbolExists.c.o  -o cmTryCompileExec3578478250 -rdynamic 
CMakeFiles/cmTryCompileExec3578478250.dir/CheckSymbolExists.c.o: dans la fonction « main »:
CheckSymbolExists.c:(.text+0x16): référence indéfinie vers « pthread_create »
collect2: error: ld returned 1 exit status
make[4]: *** [cmTryCompileExec3578478250] Erreur 1
make[4]: quittant le répertoire « /home/jeremie/Documents/IMAC2/Projet3D/build/third-party/assimp/test/gtest/src/gtest-build/CMakeFiles/CMakeTmp »
make[3]: *** [cmTryCompileExec3578478250/fast] Erreur 2
make[3]: quittant le répertoire « /home/jeremie/Documents/IMAC2/Projet3D/build/third-party/assimp/test/gtest/src/gtest-build/CMakeFiles/CMakeTmp »

File /home/jeremie/Documents/IMAC2/Projet3D/build/third-party/assimp/test/gtest/src/gtest-build/CMakeFiles/CMakeTmp/CheckSymbolExists.c:
/* */
#include <pthread.h>

int main(int argc, char** argv)
{
  (void)argv;
#ifndef pthread_create
  return ((int*)(&pthread_create))[argc];
#else
  (void)argc;
  return 0;
#endif
}

Determining if the function pthread_create exists in the pthreads failed with the following output:
Change Dir: /home/jeremie/Documents/IMAC2/Projet3D/build/third-party/assimp/test/gtest/src/gtest-build/CMakeFiles/CMakeTmp

Run Build Command:/usr/bin/make "cmTryCompileExec1417851911/fast"
make[3]: entrant dans le répertoire « /home/jeremie/Documents/IMAC2/Projet3D/build/third-party/assimp/test/gtest/src/gtest-build/CMakeFiles/CMakeTmp »
/usr/bin/make -f CMakeFiles/cmTryCompileExec1417851911.dir/build.make CMakeFiles/cmTryCompileExec1417851911.dir/build
make[4]: entrant dans le répertoire « /home/jeremie/Documents/IMAC2/Projet3D/build/third-party/assimp/test/gtest/src/gtest-build/CMakeFiles/CMakeTmp »
/usr/bin/cmake -E cmake_progress_report /home/jeremie/Documents/IMAC2/Projet3D/build/third-party/assimp/test/gtest/src/gtest-build/CMakeFiles/CMakeTmp/CMakeFiles 1
Building C object CMakeFiles/cmTryCompileExec1417851911.dir/CheckFunctionExists.c.o
/usr/bin/cc   -DCHECK_FUNCTION_EXISTS=pthread_create   -o CMakeFiles/cmTryCompileExec1417851911.dir/CheckFunctionExists.c.o   -c /usr/share/cmake-2.8/Modules/CheckFunctionExists.c
Linking C executable cmTryCompileExec1417851911
/usr/bin/cmake -E cmake_link_script CMakeFiles/cmTryCompileExec1417851911.dir/link.txt --verbose=1
/usr/bin/cc   -DCHECK_FUNCTION_EXISTS=pthread_create    CMakeFiles/cmTryCompileExec1417851911.dir/CheckFunctionExists.c.o  -o cmTryCompileExec1417851911 -rdynamic -lpthreads 
/usr/bin/ld: ne peut trouver -lpthreads
collect2: error: ld returned 1 exit status
make[4]: *** [cmTryCompileExec1417851911] Erreur 1
make[4]: quittant le répertoire « /home/jeremie/Documents/IMAC2/Projet3D/build/third-party/assimp/test/gtest/src/gtest-build/CMakeFiles/CMakeTmp »
make[3]: *** [cmTryCompileExec1417851911/fast] Erreur 2
make[3]: quittant le répertoire « /home/jeremie/Documents/IMAC2/Projet3D/build/third-party/assimp/test/gtest/src/gtest-build/CMakeFiles/CMakeTmp »


